{"C:\\xampp\\htdocs\\task-tracker\\backend\\app.js": {"path":"C:\\xampp\\htdocs\\task-tracker\\backend\\app.js","statementMap":{"0":{"start":{"line":1,"column":16},"end":{"line":1,"column":34}},"1":{"start":{"line":2,"column":17},"end":{"line":2,"column":36}},"2":{"start":{"line":3,"column":15},"end":{"line":3,"column":32}},"3":{"start":{"line":4,"column":19},"end":{"line":4,"column":43}},"4":{"start":{"line":5,"column":19},"end":{"line":5,"column":43}},"5":{"start":{"line":6,"column":13},"end":{"line":6,"column":28}},"6":{"start":{"line":8,"column":0},"end":{"line":8,"column":16}},"7":{"start":{"line":10,"column":12},"end":{"line":10,"column":21}},"8":{"start":{"line":12,"column":0},"end":{"line":12,"column":16}},"9":{"start":{"line":13,"column":0},"end":{"line":13,"column":24}},"10":{"start":{"line":15,"column":0},"end":{"line":15,"column":33}},"11":{"start":{"line":16,"column":0},"end":{"line":16,"column":34}},"12":{"start":{"line":18,"column":0},"end":{"line":18,"column":21}}},"fnMap":{},"branchMap":{},"s":{"0":2,"1":2,"2":2,"3":2,"4":2,"5":2,"6":2,"7":2,"8":2,"9":2,"10":2,"11":2,"12":2},"f":{},"b":{},"_coverageSchema":"1a1c01bbd47fc00a2c39e90264f33305004495a9","hash":"a51c50d351c2b4d1cd8eab109e7a87892fc3a750"}
,"C:\\xampp\\htdocs\\task-tracker\\backend\\controllers\\authController.js": {"path":"C:\\xampp\\htdocs\\task-tracker\\backend\\controllers\\authController.js","statementMap":{"0":{"start":{"line":1,"column":13},"end":{"line":1,"column":38}},"1":{"start":{"line":2,"column":15},"end":{"line":2,"column":34}},"2":{"start":{"line":3,"column":12},"end":{"line":3,"column":35}},"3":{"start":{"line":5,"column":0},"end":{"line":22,"column":2}},"4":{"start":{"line":6,"column":32},"end":{"line":6,"column":40}},"5":{"start":{"line":8,"column":4},"end":{"line":21,"column":5}},"6":{"start":{"line":9,"column":29},"end":{"line":9,"column":58}},"7":{"start":{"line":10,"column":8},"end":{"line":10,"column":90}},"8":{"start":{"line":10,"column":26},"end":{"line":10,"column":90}},"9":{"start":{"line":12,"column":31},"end":{"line":12,"column":62}},"10":{"start":{"line":14,"column":21},"end":{"line":14,"column":75}},"11":{"start":{"line":16,"column":22},"end":{"line":16,"column":97}},"12":{"start":{"line":18,"column":8},"end":{"line":18,"column":40}},"13":{"start":{"line":20,"column":8},"end":{"line":20,"column":66}},"14":{"start":{"line":24,"column":0},"end":{"line":40,"column":2}},"15":{"start":{"line":25,"column":32},"end":{"line":25,"column":40}},"16":{"start":{"line":27,"column":4},"end":{"line":39,"column":5}},"17":{"start":{"line":28,"column":21},"end":{"line":28,"column":50}},"18":{"start":{"line":29,"column":8},"end":{"line":29,"column":83}},"19":{"start":{"line":29,"column":19},"end":{"line":29,"column":83}},"20":{"start":{"line":31,"column":24},"end":{"line":31,"column":69}},"21":{"start":{"line":32,"column":8},"end":{"line":32,"column":86}},"22":{"start":{"line":32,"column":22},"end":{"line":32,"column":86}},"23":{"start":{"line":34,"column":22},"end":{"line":34,"column":97}},"24":{"start":{"line":36,"column":8},"end":{"line":36,"column":28}},"25":{"start":{"line":38,"column":8},"end":{"line":38,"column":66}}},"fnMap":{"0":{"name":"(anonymous_0)","decl":{"start":{"line":5,"column":17},"end":{"line":5,"column":18}},"loc":{"start":{"line":5,"column":37},"end":{"line":22,"column":1}},"line":5},"1":{"name":"(anonymous_1)","decl":{"start":{"line":24,"column":16},"end":{"line":24,"column":17}},"loc":{"start":{"line":24,"column":36},"end":{"line":40,"column":1}},"line":24}},"branchMap":{"0":{"loc":{"start":{"line":10,"column":8},"end":{"line":10,"column":90}},"type":"if","locations":[{"start":{"line":10,"column":8},"end":{"line":10,"column":90}},{"start":{},"end":{}}],"line":10},"1":{"loc":{"start":{"line":29,"column":8},"end":{"line":29,"column":83}},"type":"if","locations":[{"start":{"line":29,"column":8},"end":{"line":29,"column":83}},{"start":{},"end":{}}],"line":29},"2":{"loc":{"start":{"line":32,"column":8},"end":{"line":32,"column":86}},"type":"if","locations":[{"start":{"line":32,"column":8},"end":{"line":32,"column":86}},{"start":{},"end":{}}],"line":32}},"s":{"0":2,"1":2,"2":2,"3":2,"4":0,"5":0,"6":0,"7":0,"8":0,"9":0,"10":0,"11":0,"12":0,"13":0,"14":2,"15":1,"16":1,"17":1,"18":1,"19":1,"20":0,"21":0,"22":0,"23":0,"24":0,"25":0},"f":{"0":0,"1":1},"b":{"0":[0,0],"1":[1,0],"2":[0,0]},"_coverageSchema":"1a1c01bbd47fc00a2c39e90264f33305004495a9","hash":"1f731474fb54d25f7dc11bf065d5af6ed38629e0"}
,"C:\\xampp\\htdocs\\task-tracker\\backend\\controllers\\taskController.js": {"path":"C:\\xampp\\htdocs\\task-tracker\\backend\\controllers\\taskController.js","statementMap":{"0":{"start":{"line":1,"column":13},"end":{"line":1,"column":38}},"1":{"start":{"line":3,"column":0},"end":{"line":6,"column":2}},"2":{"start":{"line":4,"column":18},"end":{"line":4,"column":62}},"3":{"start":{"line":5,"column":4},"end":{"line":5,"column":20}},"4":{"start":{"line":8,"column":0},"end":{"line":12,"column":2}},"5":{"start":{"line":9,"column":17},"end":{"line":9,"column":84}},"6":{"start":{"line":10,"column":4},"end":{"line":10,"column":81}},"7":{"start":{"line":10,"column":15},"end":{"line":10,"column":81}},"8":{"start":{"line":11,"column":4},"end":{"line":11,"column":19}},"9":{"start":{"line":14,"column":0},"end":{"line":25,"column":2}},"10":{"start":{"line":15,"column":31},"end":{"line":15,"column":39}},"11":{"start":{"line":18,"column":4},"end":{"line":20,"column":5}},"12":{"start":{"line":19,"column":8},"end":{"line":19,"column":70}},"13":{"start":{"line":22,"column":17},"end":{"line":22,"column":70}},"14":{"start":{"line":23,"column":4},"end":{"line":23,"column":22}},"15":{"start":{"line":24,"column":4},"end":{"line":24,"column":31}},"16":{"start":{"line":27,"column":0},"end":{"line":39,"column":2}},"17":{"start":{"line":28,"column":42},"end":{"line":28,"column":50}},"18":{"start":{"line":30,"column":17},"end":{"line":34,"column":5}},"19":{"start":{"line":36,"column":4},"end":{"line":36,"column":96}},"20":{"start":{"line":36,"column":15},"end":{"line":36,"column":96}},"21":{"start":{"line":38,"column":4},"end":{"line":38,"column":19}},"22":{"start":{"line":41,"column":0},"end":{"line":45,"column":2}},"23":{"start":{"line":42,"column":17},"end":{"line":42,"column":93}},"24":{"start":{"line":43,"column":4},"end":{"line":43,"column":96}},"25":{"start":{"line":43,"column":15},"end":{"line":43,"column":96}},"26":{"start":{"line":44,"column":4},"end":{"line":44,"column":42}}},"fnMap":{"0":{"name":"(anonymous_0)","decl":{"start":{"line":3,"column":22},"end":{"line":3,"column":23}},"loc":{"start":{"line":3,"column":42},"end":{"line":6,"column":1}},"line":3},"1":{"name":"(anonymous_1)","decl":{"start":{"line":8,"column":22},"end":{"line":8,"column":23}},"loc":{"start":{"line":8,"column":42},"end":{"line":12,"column":1}},"line":8},"2":{"name":"(anonymous_2)","decl":{"start":{"line":14,"column":21},"end":{"line":14,"column":22}},"loc":{"start":{"line":14,"column":41},"end":{"line":25,"column":1}},"line":14},"3":{"name":"(anonymous_3)","decl":{"start":{"line":27,"column":21},"end":{"line":27,"column":22}},"loc":{"start":{"line":27,"column":41},"end":{"line":39,"column":1}},"line":27},"4":{"name":"(anonymous_4)","decl":{"start":{"line":41,"column":21},"end":{"line":41,"column":22}},"loc":{"start":{"line":41,"column":41},"end":{"line":45,"column":1}},"line":41}},"branchMap":{"0":{"loc":{"start":{"line":10,"column":4},"end":{"line":10,"column":81}},"type":"if","locations":[{"start":{"line":10,"column":4},"end":{"line":10,"column":81}},{"start":{},"end":{}}],"line":10},"1":{"loc":{"start":{"line":18,"column":4},"end":{"line":20,"column":5}},"type":"if","locations":[{"start":{"line":18,"column":4},"end":{"line":20,"column":5}},{"start":{},"end":{}}],"line":18},"2":{"loc":{"start":{"line":36,"column":4},"end":{"line":36,"column":96}},"type":"if","locations":[{"start":{"line":36,"column":4},"end":{"line":36,"column":96}},{"start":{},"end":{}}],"line":36},"3":{"loc":{"start":{"line":43,"column":4},"end":{"line":43,"column":96}},"type":"if","locations":[{"start":{"line":43,"column":4},"end":{"line":43,"column":96}},{"start":{},"end":{}}],"line":43}},"s":{"0":2,"1":2,"2":0,"3":0,"4":2,"5":0,"6":0,"7":0,"8":0,"9":2,"10":0,"11":0,"12":0,"13":0,"14":0,"15":0,"16":2,"17":0,"18":0,"19":0,"20":0,"21":0,"22":2,"23":0,"24":0,"25":0,"26":0},"f":{"0":0,"1":0,"2":0,"3":0,"4":0},"b":{"0":[0,0],"1":[0,0],"2":[0,0],"3":[0,0]},"_coverageSchema":"1a1c01bbd47fc00a2c39e90264f33305004495a9","hash":"477626244aa2188acdbdc6ec7695aa43c49861c4"}
,"C:\\xampp\\htdocs\\task-tracker\\backend\\middleware\\authMiddleware.js": {"path":"C:\\xampp\\htdocs\\task-tracker\\backend\\middleware\\authMiddleware.js","statementMap":{"0":{"start":{"line":1,"column":12},"end":{"line":1,"column":35}},"1":{"start":{"line":3,"column":23},"end":{"line":15,"column":1}},"2":{"start":{"line":4,"column":18},"end":{"line":4,"column":58}},"3":{"start":{"line":6,"column":4},"end":{"line":6,"column":78}},"4":{"start":{"line":6,"column":16},"end":{"line":6,"column":78}},"5":{"start":{"line":8,"column":4},"end":{"line":14,"column":5}},"6":{"start":{"line":9,"column":24},"end":{"line":9,"column":65}},"7":{"start":{"line":10,"column":8},"end":{"line":10,"column":27}},"8":{"start":{"line":11,"column":8},"end":{"line":11,"column":15}},"9":{"start":{"line":13,"column":8},"end":{"line":13,"column":59}},"10":{"start":{"line":17,"column":0},"end":{"line":17,"column":32}}},"fnMap":{"0":{"name":"(anonymous_0)","decl":{"start":{"line":3,"column":23},"end":{"line":3,"column":24}},"loc":{"start":{"line":3,"column":43},"end":{"line":15,"column":1}},"line":3}},"branchMap":{"0":{"loc":{"start":{"line":6,"column":4},"end":{"line":6,"column":78}},"type":"if","locations":[{"start":{"line":6,"column":4},"end":{"line":6,"column":78}},{"start":{},"end":{}}],"line":6}},"s":{"0":3,"1":3,"2":1,"3":1,"4":1,"5":0,"6":0,"7":0,"8":0,"9":0,"10":3},"f":{"0":1},"b":{"0":[1,0]},"_coverageSchema":"1a1c01bbd47fc00a2c39e90264f33305004495a9","hash":"3f03f1db64b8f3127b287c7752ad7f982e31b481"}
,"C:\\xampp\\htdocs\\task-tracker\\backend\\models\\Task.js": {"path":"C:\\xampp\\htdocs\\task-tracker\\backend\\models\\Task.js","statementMap":{"0":{"start":{"line":1,"column":17},"end":{"line":1,"column":36}},"1":{"start":{"line":3,"column":19},"end":{"line":8,"column":24}},"2":{"start":{"line":10,"column":0},"end":{"line":10,"column":52}}},"fnMap":{},"branchMap":{},"s":{"0":2,"1":2,"2":2},"f":{},"b":{},"_coverageSchema":"1a1c01bbd47fc00a2c39e90264f33305004495a9","hash":"9fcbf455274438935aeab20b77ffa3e63ce2e175"}
,"C:\\xampp\\htdocs\\task-tracker\\backend\\models\\User.js": {"path":"C:\\xampp\\htdocs\\task-tracker\\backend\\models\\User.js","statementMap":{"0":{"start":{"line":1,"column":17},"end":{"line":1,"column":36}},"1":{"start":{"line":3,"column":19},"end":{"line":6,"column":2}},"2":{"start":{"line":8,"column":0},"end":{"line":8,"column":52}}},"fnMap":{},"branchMap":{},"s":{"0":2,"1":2,"2":2},"f":{},"b":{},"_coverageSchema":"1a1c01bbd47fc00a2c39e90264f33305004495a9","hash":"35ff848d35401ec372edf5af5baa18d648b506c9"}
,"C:\\xampp\\htdocs\\task-tracker\\backend\\routes\\auth.js": {"path":"C:\\xampp\\htdocs\\task-tracker\\backend\\routes\\auth.js","statementMap":{"0":{"start":{"line":1,"column":16},"end":{"line":1,"column":34}},"1":{"start":{"line":2,"column":26},"end":{"line":2,"column":66}},"2":{"start":{"line":4,"column":15},"end":{"line":4,"column":31}},"3":{"start":{"line":7,"column":0},"end":{"line":15,"column":3}},"4":{"start":{"line":8,"column":30},"end":{"line":8,"column":38}},"5":{"start":{"line":10,"column":2},"end":{"line":12,"column":3}},"6":{"start":{"line":11,"column":4},"end":{"line":11,"column":66}},"7":{"start":{"line":16,"column":0},"end":{"line":16,"column":29}},"8":{"start":{"line":18,"column":0},"end":{"line":18,"column":24}}},"fnMap":{"0":{"name":"(anonymous_0)","decl":{"start":{"line":7,"column":23},"end":{"line":7,"column":24}},"loc":{"start":{"line":7,"column":43},"end":{"line":15,"column":1}},"line":7}},"branchMap":{"0":{"loc":{"start":{"line":10,"column":2},"end":{"line":12,"column":3}},"type":"if","locations":[{"start":{"line":10,"column":2},"end":{"line":12,"column":3}},{"start":{},"end":{}}],"line":10}},"s":{"0":2,"1":2,"2":2,"3":2,"4":10,"5":10,"6":2,"7":2,"8":2},"f":{"0":10},"b":{"0":[2,8]},"_coverageSchema":"1a1c01bbd47fc00a2c39e90264f33305004495a9","hash":"aae54c066e30296fb51d06134845a25a9696438e"}
,"C:\\xampp\\htdocs\\task-tracker\\backend\\routes\\task.js": {"path":"C:\\xampp\\htdocs\\task-tracker\\backend\\routes\\task.js","statementMap":{"0":{"start":{"line":1,"column":16},"end":{"line":1,"column":34}},"1":{"start":{"line":2,"column":15},"end":{"line":2,"column":31}},"2":{"start":{"line":3,"column":13},"end":{"line":3,"column":52}},"3":{"start":{"line":10,"column":4},"end":{"line":10,"column":44}},"4":{"start":{"line":12,"column":0},"end":{"line":12,"column":17}},"5":{"start":{"line":14,"column":0},"end":{"line":14,"column":29}},"6":{"start":{"line":15,"column":0},"end":{"line":15,"column":32}},"7":{"start":{"line":16,"column":0},"end":{"line":16,"column":29}},"8":{"start":{"line":17,"column":0},"end":{"line":17,"column":31}},"9":{"start":{"line":18,"column":0},"end":{"line":18,"column":34}},"10":{"start":{"line":20,"column":0},"end":{"line":20,"column":24}}},"fnMap":{},"branchMap":{},"s":{"0":2,"1":2,"2":2,"3":2,"4":2,"5":2,"6":2,"7":2,"8":2,"9":2,"10":2},"f":{},"b":{},"_coverageSchema":"1a1c01bbd47fc00a2c39e90264f33305004495a9","hash":"098a2efb753079543c3c411f6737096e090ae3bb"}
,"C:\\xampp\\htdocs\\task-tracker\\backend\\tests\\setupTestDB.js": {"path":"C:\\xampp\\htdocs\\task-tracker\\backend\\tests\\setupTestDB.js","statementMap":{"0":{"start":{"line":1,"column":17},"end":{"line":1,"column":36}},"1":{"start":{"line":2,"column":30},"end":{"line":2,"column":62}},"2":{"start":{"line":6,"column":0},"end":{"line":13,"column":2}},"3":{"start":{"line":7,"column":2},"end":{"line":7,"column":49}},"4":{"start":{"line":8,"column":14},"end":{"line":8,"column":34}},"5":{"start":{"line":10,"column":2},"end":{"line":10,"column":30}},"6":{"start":{"line":12,"column":2},"end":{"line":12,"column":21}},"7":{"start":{"line":15,"column":0},"end":{"line":21,"column":2}},"8":{"start":{"line":16,"column":2},"end":{"line":20,"column":3}},"9":{"start":{"line":17,"column":4},"end":{"line":17,"column":45}},"10":{"start":{"line":18,"column":4},"end":{"line":18,"column":38}},"11":{"start":{"line":19,"column":4},"end":{"line":19,"column":29}}},"fnMap":{"0":{"name":"(anonymous_0)","decl":{"start":{"line":6,"column":17},"end":{"line":6,"column":18}},"loc":{"start":{"line":6,"column":29},"end":{"line":13,"column":1}},"line":6},"1":{"name":"(anonymous_1)","decl":{"start":{"line":15,"column":22},"end":{"line":15,"column":23}},"loc":{"start":{"line":15,"column":45},"end":{"line":21,"column":1}},"line":15}},"branchMap":{"0":{"loc":{"start":{"line":16,"column":2},"end":{"line":20,"column":3}},"type":"if","locations":[{"start":{"line":16,"column":2},"end":{"line":20,"column":3}},{"start":{},"end":{}}],"line":16}},"s":{"0":2,"1":2,"2":2,"3":2,"4":2,"5":2,"6":2,"7":2,"8":2,"9":2,"10":2,"11":2},"f":{"0":2,"1":2},"b":{"0":[2,0]},"_coverageSchema":"1a1c01bbd47fc00a2c39e90264f33305004495a9","hash":"f2b554a476bfb4d77c16a2cf0835b8e680ea35e0"}
}
